<?xml version="1.0" encoding="UTF-8"?>
<!-- Generated by org.testng.reporters.JUnitXMLReporter -->
<testsuite ignored="0" hostname="intitccul-5279" failures="1" tests="1" name="Surefire test" time="0.803" errors="0" timestamp="2023-06-11T19:23:07 IST">
  <testcase classname="io.cucumber.testng.AbstractTestNGCucumberTests" name="runScenario" time="0.099">
    <failure type="java.lang.NullPointerException" message="Cannot invoke &amp;quot;org.openqa.selenium.WebDriver.manage()&amp;quot; because &amp;quot;this.driver&amp;quot; is null">
      <![CDATA[java.lang.NullPointerException: Cannot invoke "org.openqa.selenium.WebDriver.manage()" because "this.driver" is null
at shubhamAdvanceSelenium.TestComponents.BaseTest.initializeDriver(BaseTest.java:64)
at shubhamAdvanceSelenium.TestComponents.BaseTest.launchApplication(BaseTest.java:100)
at shubhamAdvanceSelenium.stepDefinition.StepDefinitionImpl.I_landed_on_Ecommerce_Page(StepDefinitionImpl.java:27)
at ✽.I landed on Ecommerce Page(file:///C:/Users/ShubhamT.INTERRAIT/eclipse-workspace/SeleniumFrameWorkDesign/src/test/java/cucumber/SubmitOrder.feature:7)
]]>
    </failure>
  </testcase> <!-- runScenario -->
</testsuite> <!-- Surefire test -->
