<?xml version="1.0" encoding="UTF-8"?>
<!-- Generated by org.testng.reporters.JUnitXMLReporter -->
<testsuite ignored="0" hostname="intitccul-5279" failures="0" tests="3" name="Default test" time="22.968" errors="0" timestamp="2023-06-20T18:35:46 IST">
  <testcase classname="shubhamAdvanceSelenium.test.SubmitOrder" name="submitOrder" time="4.293"/>
  <testcase classname="shubhamAdvanceSelenium.test.SubmitOrder" name="submitOrder" time="3.423"/>
  <testcase classname="shubhamAdvanceSelenium.test.SubmitOrder" name="OrderHistoryTest" time="0.785"/>
</testsuite> <!-- Default test -->
