<?xml version="1.0" encoding="UTF-8"?>
<!-- Generated by org.testng.reporters.JUnitXMLReporter -->
<testsuite ignored="0" hostname="intitccul-5279" failures="0" tests="2" name="Error Validation Test" time="13.181" errors="0" timestamp="2023-06-13T13:24:20 IST">
  <testcase classname="shubhamAdvanceSelenium.test.ErrorValidation" name="LoginErrorValidation" time="0.483"/>
  <testcase classname="shubhamAdvanceSelenium.test.ErrorValidation" name="ProductErrorValidation" time="2.413"/>
</testsuite> <!-- Error Validation Test -->
