<?xml version="1.0" encoding="UTF-8"?>
<!-- Generated by org.testng.reporters.JUnitXMLReporter -->
<testsuite ignored="0" hostname="intitccul-5279" failures="2" tests="2" name="Excel Data Demo" time="26.382" errors="0" timestamp="2023-06-11T19:13:03 IST">
  <testcase classname="shubhamAdvanceSelenium.test.ExcelDataDemo" name="testCaseData" time="5.355">
    <failure type="java.lang.AssertionError" message="expected [true] but found [false]">
      <![CDATA[java.lang.AssertionError: expected [true] but found [false]
at shubhamAdvanceSelenium.test.ExcelDataDemo.testCaseData(ExcelDataDemo.java:40)
at java.base/java.util.concurrent.ThreadPoolExecutor.runWorker(ThreadPoolExecutor.java:1136)
at java.base/java.util.concurrent.ThreadPoolExecutor$Worker.run(ThreadPoolExecutor.java:635)
at java.base/java.lang.Thread.run(Thread.java:833)
... Removed 16 stack frames]]>
    </failure>
  </testcase> <!-- testCaseData -->
  <testcase classname="shubhamAdvanceSelenium.test.ExcelDataDemo" name="testCaseData" time="5.213">
    <failure type="java.lang.AssertionError" message="expected [true] but found [false]">
      <![CDATA[java.lang.AssertionError: expected [true] but found [false]
at shubhamAdvanceSelenium.test.ExcelDataDemo.testCaseData(ExcelDataDemo.java:40)
at java.base/java.util.concurrent.ThreadPoolExecutor.runWorker(ThreadPoolExecutor.java:1136)
at java.base/java.util.concurrent.ThreadPoolExecutor$Worker.run(ThreadPoolExecutor.java:635)
at java.base/java.lang.Thread.run(Thread.java:833)
... Removed 16 stack frames]]>
    </failure>
  </testcase> <!-- testCaseData -->
</testsuite> <!-- Excel Data Demo -->
