<?xml version="1.0" encoding="UTF-8"?>
<!-- Generated by org.testng.reporters.JUnitXMLReporter -->
<testsuite ignored="0" hostname="intitccul-5279" failures="0" tests="3" name="Stand Alone Test" time="48.711" errors="0" timestamp="2023-06-11T21:23:06 IST">
  <testcase classname="shubhamAdvanceSelenium.test.SubmitOrder" name="submitOrder" time="4.346"/>
  <testcase classname="shubhamAdvanceSelenium.test.SubmitOrder" name="submitOrder" time="3.557"/>
  <testcase classname="shubhamAdvanceSelenium.test.SubmitOrder" name="OrderHistoryTest" time="0.801"/>
</testsuite> <!-- Stand Alone Test -->
