<?xml version="1.0" encoding="UTF-8"?>
<!-- Generated by org.testng.reporters.JUnitXMLReporter -->
<testsuite ignored="0" hostname="intitccul-5279" failures="0" tests="3" name="Submit Order Test" time="15.126" errors="0" timestamp="2023-12-13T17:35:33 IST">
  <testcase classname="shubhamAdvanceSelenium.test.SubmitOrder" name="submitOrder" time="3.751"/>
  <testcase classname="shubhamAdvanceSelenium.test.SubmitOrder" name="submitOrder" time="2.728"/>
  <testcase classname="shubhamAdvanceSelenium.test.SubmitOrder" name="OrderHistoryTest" time="0.566"/>
</testsuite> <!-- Submit Order Test -->
