<?xml version="1.0" encoding="UTF-8"?>
<!-- Generated by org.testng.reporters.JUnitXMLReporter -->
<testsuite ignored="0" hostname="intitccul-5279" failures="0" tests="3" name="Submit Order Test" time="25.238" errors="0" timestamp="2023-06-13T13:24:32 IST">
  <testcase classname="shubhamAdvanceSelenium.test.SubmitOrder" name="submitOrder" time="4.102"/>
  <testcase classname="shubhamAdvanceSelenium.test.SubmitOrder" name="submitOrder" time="2.833"/>
  <testcase classname="shubhamAdvanceSelenium.test.SubmitOrder" name="OrderHistoryTest" time="0.642"/>
</testsuite> <!-- Submit Order Test -->
