<?xml version="1.0" encoding="UTF-8"?>
<!-- Generated by org.testng.reporters.JUnitXMLReporter -->
<testsuite ignored="0" hostname="intitccul-5279" failures="0" tests="2" name="Error Validation Test" time="10.347" errors="0" timestamp="2023-06-13T13:23:19 IST">
  <testcase classname="shubhamAdvanceSelenium.test.ErrorValidation" name="LoginErrorValidation" time="1.179"/>
  <testcase classname="shubhamAdvanceSelenium.test.ErrorValidation" name="ProductErrorValidation" time="2.245"/>
</testsuite> <!-- Error Validation Test -->
