<?xml version="1.0" encoding="UTF-8"?>
<!-- Generated by org.testng.reporters.JUnitXMLReporter -->
<testsuite ignored="0" hostname="intitccul-5279" failures="0" tests="3" name="Submit Order Test" time="18.825" errors="0" timestamp="2023-06-13T13:23:27 IST">
  <testcase classname="shubhamAdvanceSelenium.test.SubmitOrder" name="submitOrder" time="4.363"/>
  <testcase classname="shubhamAdvanceSelenium.test.SubmitOrder" name="submitOrder" time="3.216"/>
  <testcase classname="shubhamAdvanceSelenium.test.SubmitOrder" name="OrderHistoryTest" time="0.602"/>
</testsuite> <!-- Submit Order Test -->
