<?xml version="1.0" encoding="UTF-8"?>
<testsuite xmlns:xsi="http://www.w3.org/2001/XMLSchema-instance" xsi:noNamespaceSchemaLocation="https://maven.apache.org/surefire/maven-surefire-plugin/xsd/surefire-test-report-3.0.xsd" version="3.0" name="TestSuite" time="19.496" tests="5" errors="0" skipped="0" failures="0">
  <properties>
[...]
</properties>
  <testcase name="LoginErrorValidation" classname="shubhamAdvanceSelenium.test.ErrorValidation" time="1.186">
    <system-err><![CDATA[SLF4J: Failed to load class "org.slf4j.impl.StaticLoggerBinder".
SLF4J: Defaulting to no-operation (NOP) logger implementation
SLF4J: See http://www.slf4j.org/codes.html#StaticLoggerBinder for further details.
Starting Microsoft Edge WebDriver 114.0.1823.43 (ef5b3acd8c1da336e811e5d8552a61c0965816bb) on port 44193
To submit feedback, report a bug, or suggest new features, please visit https://github.com/MicrosoftEdge/EdgeWebDriver

Only local connections are allowed.
Please see https://aka.ms/WebDriverSecurity for suggestions on keeping Microsoft Edge WebDriver safe.

Starting Microsoft Edge WebDriver 114.0.1823.43 (ef5b3acd8c1da336e811e5d8552a61c0965816bb) on port 25601
To submit feedback, report a bug, or suggest new features, please visit https://github.com/MicrosoftEdge/EdgeWebDriver

Only local connections are allowed.
Please see https://aka.ms/WebDriverSecurity for suggestions on keeping Microsoft Edge WebDriver safe.

Microsoft Edge WebDriver was started successfully.
Jun 13, 2023 1:23:11 PM org.openqa.selenium.devtools.CdpVersionFinder findNearestMatch
WARNING: Unable to find an exact match for CDP version 114, so returning the closest version found: 111
Microsoft Edge WebDriver was started successfully.
Jun 13, 2023 1:23:12 PM org.openqa.selenium.devtools.CdpVersionFinder findNearestMatch
WARNING: Unable to find an exact match for CDP version 114, so returning the closest version found: 111
]]></system-err>
  </testcase>
  <testcase name="ProductErrorValidation" classname="shubhamAdvanceSelenium.test.ErrorValidation" time="2.245">
    <system-err><![CDATA[Starting Microsoft Edge WebDriver 114.0.1823.43 (ef5b3acd8c1da336e811e5d8552a61c0965816bb) on port 12256
To submit feedback, report a bug, or suggest new features, please visit https://github.com/MicrosoftEdge/EdgeWebDriver

Only local connections are allowed.
Please see https://aka.ms/WebDriverSecurity for suggestions on keeping Microsoft Edge WebDriver safe.

]]></system-err>
  </testcase>
  <testcase name="submitOrder[{country=india, password=Shubham@123456789, product=ZARA COAT 3, confirmMessage=THANKYOU FOR THE ORDER., email=stripathia8@gmail.com}](1)" classname="shubhamAdvanceSelenium.test.SubmitOrder" time="1.308">
    <system-err><![CDATA[Starting Microsoft Edge WebDriver 114.0.1823.43 (ef5b3acd8c1da336e811e5d8552a61c0965816bb) on port 5896
To submit feedback, report a bug, or suggest new features, please visit https://github.com/MicrosoftEdge/EdgeWebDriver

Only local connections are allowed.
Please see https://aka.ms/WebDriverSecurity for suggestions on keeping Microsoft Edge WebDriver safe.

Microsoft Edge WebDriver was started successfully.
Jun 13, 2023 1:23:15 PM org.openqa.selenium.devtools.CdpVersionFinder findNearestMatch
WARNING: Unable to find an exact match for CDP version 114, so returning the closest version found: 111
]]></system-err>
  </testcase>
  <testcase name="submitOrder[{country=china, password=Shrish@1995, product=ADIDAS ORIGINAL, confirmMessage=THANKYOU FOR THE ORDER., email=s.shubhamtripathi@gmail.com}](2)" classname="shubhamAdvanceSelenium.test.SubmitOrder" time="3.216">
    <system-err><![CDATA[Microsoft Edge WebDriver was started successfully.
Jun 13, 2023 1:23:20 PM org.openqa.selenium.devtools.CdpVersionFinder findNearestMatch
WARNING: Unable to find an exact match for CDP version 114, so returning the closest version found: 111
]]></system-err>
  </testcase>
  <testcase name="OrderHistoryTest" classname="shubhamAdvanceSelenium.test.SubmitOrder" time="0.603">
    <system-err><![CDATA[Starting Microsoft Edge WebDriver 114.0.1823.43 (ef5b3acd8c1da336e811e5d8552a61c0965816bb) on port 8852
To submit feedback, report a bug, or suggest new features, please visit https://github.com/MicrosoftEdge/EdgeWebDriver

Only local connections are allowed.
Please see https://aka.ms/WebDriverSecurity for suggestions on keeping Microsoft Edge WebDriver safe.

Microsoft Edge WebDriver was started successfully.
Jun 13, 2023 1:23:25 PM org.openqa.selenium.devtools.CdpVersionFinder findNearestMatch
WARNING: Unable to find an exact match for CDP version 114, so returning the closest version found: 111
]]></system-err>
  </testcase>
</testsuite>