<?xml version="1.0" encoding="UTF-8"?>
<testng-results ignored="0" total="5" passed="4" failed="1" skipped="0">
  <reporter-output>
  </reporter-output>
  <suite started-at="2023-12-13T17:35:18 IST" name="Suite" finished-at="2023-12-13T17:35:35 IST" duration-ms="17650">
    <groups>
      <group name="ErrorHandling">
        <method signature="ErrorValidation.LoginErrorValidation()[pri:0, instance:shubhamAdvanceSelenium.test.ErrorValidation@3276732]" name="LoginErrorValidation" class="shubhamAdvanceSelenium.test.ErrorValidation"/>
      </group> <!-- ErrorHandling -->
      <group name="Purchase">
        <method signature="SubmitOrder.submitOrder(java.util.HashMap)[pri:0, instance:shubhamAdvanceSelenium.test.SubmitOrder@7fc44dec]" name="submitOrder" class="shubhamAdvanceSelenium.test.SubmitOrder"/>
      </group> <!-- Purchase -->
    </groups>
    <test started-at="2023-12-13T17:35:18 IST" name="Submit Order Test" finished-at="2023-12-13T17:35:33 IST" duration-ms="15126">
      <class name="shubhamAdvanceSelenium.test.SubmitOrder">
        <test-method is-config="true" signature="launchApplication()[pri:0, instance:shubhamAdvanceSelenium.test.SubmitOrder@7fc44dec]" started-at="2023-12-13T17:35:18 IST" name="launchApplication" finished-at="2023-12-13T17:35:20 IST" duration-ms="2567" status="PASS">
          <reporter-output>
          </reporter-output>
        </test-method> <!-- launchApplication -->
        <test-method signature="submitOrder(java.util.HashMap)[pri:0, instance:shubhamAdvanceSelenium.test.SubmitOrder@7fc44dec]" started-at="2023-12-13T17:35:20 IST" name="submitOrder" data-provider="getData" finished-at="2023-12-13T17:35:24 IST" duration-ms="3751" status="PASS">
          <params>
            <param index="0">
              <value>
                <![CDATA[{country=india, password=Shubham@123456789, product=ZARA COAT 3, confirmMessage=THANKYOU FOR THE ORDER., email=stripathia8@gmail.com}]]>
              </value>
            </param>
          </params>
          <reporter-output>
          </reporter-output>
        </test-method> <!-- submitOrder -->
        <test-method is-config="true" signature="tearDown()[pri:0, instance:shubhamAdvanceSelenium.test.SubmitOrder@7fc44dec]" started-at="2023-12-13T17:35:24 IST" name="tearDown" finished-at="2023-12-13T17:35:24 IST" duration-ms="255" status="PASS">
          <reporter-output>
          </reporter-output>
        </test-method> <!-- tearDown -->
        <test-method is-config="true" signature="launchApplication()[pri:0, instance:shubhamAdvanceSelenium.test.SubmitOrder@7fc44dec]" started-at="2023-12-13T17:35:24 IST" name="launchApplication" finished-at="2023-12-13T17:35:27 IST" duration-ms="2743" status="PASS">
          <reporter-output>
          </reporter-output>
        </test-method> <!-- launchApplication -->
        <test-method signature="submitOrder(java.util.HashMap)[pri:0, instance:shubhamAdvanceSelenium.test.SubmitOrder@7fc44dec]" started-at="2023-12-13T17:35:27 IST" name="submitOrder" data-provider="getData" finished-at="2023-12-13T17:35:30 IST" duration-ms="2728" status="PASS">
          <params>
            <param index="0">
              <value>
                <![CDATA[{country=china, password=Shrish@1995, product=ADIDAS ORIGINAL, confirmMessage=THANKYOU FOR THE ORDER., email=s.shubhamtripathi@gmail.com}]]>
              </value>
            </param>
          </params>
          <reporter-output>
          </reporter-output>
        </test-method> <!-- submitOrder -->
        <test-method is-config="true" signature="tearDown()[pri:0, instance:shubhamAdvanceSelenium.test.SubmitOrder@7fc44dec]" started-at="2023-12-13T17:35:30 IST" name="tearDown" finished-at="2023-12-13T17:35:30 IST" duration-ms="169" status="PASS">
          <reporter-output>
          </reporter-output>
        </test-method> <!-- tearDown -->
        <test-method is-config="true" signature="launchApplication()[pri:0, instance:shubhamAdvanceSelenium.test.SubmitOrder@7fc44dec]" started-at="2023-12-13T17:35:30 IST" name="launchApplication" finished-at="2023-12-13T17:35:32 IST" duration-ms="1990" status="PASS">
          <reporter-output>
          </reporter-output>
        </test-method> <!-- launchApplication -->
        <test-method signature="OrderHistoryTest()[pri:0, instance:shubhamAdvanceSelenium.test.SubmitOrder@7fc44dec]" started-at="2023-12-13T17:35:32 IST" name="OrderHistoryTest" finished-at="2023-12-13T17:35:33 IST" depends-on-methods="shubhamAdvanceSelenium.test.SubmitOrder.submitOrder" duration-ms="566" status="PASS">
          <reporter-output>
          </reporter-output>
        </test-method> <!-- OrderHistoryTest -->
        <test-method is-config="true" signature="tearDown()[pri:0, instance:shubhamAdvanceSelenium.test.SubmitOrder@7fc44dec]" started-at="2023-12-13T17:35:33 IST" name="tearDown" finished-at="2023-12-13T17:35:33 IST" duration-ms="164" status="PASS">
          <reporter-output>
          </reporter-output>
        </test-method> <!-- tearDown -->
      </class> <!-- shubhamAdvanceSelenium.test.SubmitOrder -->
    </test> <!-- Submit Order Test -->
    <test started-at="2023-12-13T17:35:18 IST" name="Error Validation Test" finished-at="2023-12-13T17:35:35 IST" duration-ms="17650">
      <class name="shubhamAdvanceSelenium.test.ErrorValidation">
        <test-method is-config="true" signature="launchApplication()[pri:0, instance:shubhamAdvanceSelenium.test.ErrorValidation@3276732]" started-at="2023-12-13T17:35:18 IST" name="launchApplication" finished-at="2023-12-13T17:35:21 IST" duration-ms="3572" status="PASS">
          <reporter-output>
          </reporter-output>
        </test-method> <!-- launchApplication -->
        <test-method signature="LoginErrorValidation()[pri:0, instance:shubhamAdvanceSelenium.test.ErrorValidation@3276732]" started-at="2023-12-13T17:35:21 IST" name="LoginErrorValidation" finished-at="2023-12-13T17:35:21 IST" duration-ms="352" status="PASS">
          <reporter-output>
          </reporter-output>
        </test-method> <!-- LoginErrorValidation -->
        <test-method is-config="true" signature="tearDown()[pri:0, instance:shubhamAdvanceSelenium.test.ErrorValidation@3276732]" started-at="2023-12-13T17:35:21 IST" name="tearDown" finished-at="2023-12-13T17:35:22 IST" duration-ms="175" status="PASS">
          <reporter-output>
          </reporter-output>
        </test-method> <!-- tearDown -->
        <test-method is-config="true" signature="launchApplication()[pri:0, instance:shubhamAdvanceSelenium.test.ErrorValidation@3276732]" started-at="2023-12-13T17:35:22 IST" name="launchApplication" finished-at="2023-12-13T17:35:24 IST" duration-ms="2792" status="PASS">
          <reporter-output>
          </reporter-output>
        </test-method> <!-- launchApplication -->
        <test-method signature="ProductErrorValidation()[pri:0, instance:shubhamAdvanceSelenium.test.ErrorValidation@3276732]" started-at="2023-12-13T17:35:24 IST" name="ProductErrorValidation" finished-at="2023-12-13T17:35:35 IST" duration-ms="10267" status="FAIL">
          <exception class="org.openqa.selenium.TimeoutException">
            <message>
              <![CDATA[Expected condition failed: waiting for visibility of element located by By.cssSelector: .mb-3 (tried for 5 second(s) with 500 milliseconds interval)
Build info: version: '4.8.3', revision: 'e5e76298c3'
System info: os.name: 'Windows 10', os.arch: 'amd64', os.version: '10.0', java.version: '17.0.5'
Driver info: org.openqa.selenium.chrome.ChromeDriver
Capabilities {acceptInsecureCerts: false, browserName: chrome, browserVersion: 120.0.6099.71, chrome: {chromedriverVersion: 120.0.6099.71 (9729082fe617..., userDataDir: C:\Users\SHUBHA~1.INT\AppDa...}, fedcm:accounts: true, goog:chromeOptions: {debuggerAddress: localhost:51880}, networkConnectionEnabled: false, pageLoadStrategy: normal, platformName: WINDOWS, proxy: Proxy(), se:cdp: ws://localhost:51880/devtoo..., se:cdpVersion: 120.0.6099.71, setWindowRect: true, strictFileInteractability: false, timeouts: {implicit: 0, pageLoad: 300000, script: 30000}, unhandledPromptBehavior: dismiss and notify, webauthn:extension:credBlob: true, webauthn:extension:largeBlob: true, webauthn:extension:minPinLength: true, webauthn:extension:prf: true, webauthn:virtualAuthenticators: true}
Session ID: 019161547a97969213730a3572c832a8]]>
            </message>
            <full-stacktrace>
              <![CDATA[org.openqa.selenium.TimeoutException: Expected condition failed: waiting for visibility of element located by By.cssSelector: .mb-3 (tried for 5 second(s) with 500 milliseconds interval)
Build info: version: '4.8.3', revision: 'e5e76298c3'
System info: os.name: 'Windows 10', os.arch: 'amd64', os.version: '10.0', java.version: '17.0.5'
Driver info: org.openqa.selenium.chrome.ChromeDriver
Capabilities {acceptInsecureCerts: false, browserName: chrome, browserVersion: 120.0.6099.71, chrome: {chromedriverVersion: 120.0.6099.71 (9729082fe617..., userDataDir: C:\Users\SHUBHA~1.INT\AppDa...}, fedcm:accounts: true, goog:chromeOptions: {debuggerAddress: localhost:51880}, networkConnectionEnabled: false, pageLoadStrategy: normal, platformName: WINDOWS, proxy: Proxy(), se:cdp: ws://localhost:51880/devtoo..., se:cdpVersion: 120.0.6099.71, setWindowRect: true, strictFileInteractability: false, timeouts: {implicit: 0, pageLoad: 300000, script: 30000}, unhandledPromptBehavior: dismiss and notify, webauthn:extension:credBlob: true, webauthn:extension:largeBlob: true, webauthn:extension:minPinLength: true, webauthn:extension:prf: true, webauthn:virtualAuthenticators: true}
Session ID: 019161547a97969213730a3572c832a8
at org.openqa.selenium.support.ui.WebDriverWait.timeoutException(WebDriverWait.java:87)
at org.openqa.selenium.support.ui.FluentWait.until(FluentWait.java:231)
at shubhamAdvacneSelenium.AbstractComponent.AbstractComponent.waitForElementToAppear(AbstractComponent.java:39)
at shubhamAdvanceSelenium.PageObject.ProductCatalogue.getProductList(ProductCatalogue.java:36)
at shubhamAdvanceSelenium.test.ErrorValidation.ProductErrorValidation(ErrorValidation.java:30)
at java.base/jdk.internal.reflect.NativeMethodAccessorImpl.invoke0(Native Method)
at java.base/jdk.internal.reflect.NativeMethodAccessorImpl.invoke(NativeMethodAccessorImpl.java:77)
at java.base/jdk.internal.reflect.DelegatingMethodAccessorImpl.invoke(DelegatingMethodAccessorImpl.java:43)
at java.base/java.lang.reflect.Method.invoke(Method.java:568)
at org.testng.internal.MethodInvocationHelper.invokeMethod(MethodInvocationHelper.java:133)
at org.testng.internal.TestInvoker.invokeMethod(TestInvoker.java:598)
at org.testng.internal.TestInvoker.invokeTestMethod(TestInvoker.java:173)
at org.testng.internal.MethodRunner.runInSequence(MethodRunner.java:46)
at org.testng.internal.TestInvoker$MethodInvocationAgent.invoke(TestInvoker.java:824)
at org.testng.internal.TestInvoker.invokeTestMethods(TestInvoker.java:146)
at org.testng.internal.TestMethodWorker.invokeTestMethods(TestMethodWorker.java:146)
at org.testng.internal.TestMethodWorker.run(TestMethodWorker.java:128)
at java.base/java.util.ArrayList.forEach(ArrayList.java:1511)
at org.testng.TestRunner.privateRun(TestRunner.java:794)
at org.testng.TestRunner.run(TestRunner.java:596)
at org.testng.SuiteRunner.runTest(SuiteRunner.java:377)
at org.testng.SuiteRunner.access$000(SuiteRunner.java:28)
at org.testng.SuiteRunner$SuiteWorker.run(SuiteRunner.java:418)
at org.testng.internal.thread.ThreadUtil.lambda$execute$0(ThreadUtil.java:64)
at java.base/java.util.concurrent.FutureTask.run(FutureTask.java:264)
at java.base/java.util.concurrent.ThreadPoolExecutor.runWorker(ThreadPoolExecutor.java:1136)
at java.base/java.util.concurrent.ThreadPoolExecutor$Worker.run(ThreadPoolExecutor.java:635)
at java.base/java.lang.Thread.run(Thread.java:833)
]]>
            </full-stacktrace>
          </exception> <!-- org.openqa.selenium.TimeoutException -->
          <reporter-output>
          </reporter-output>
        </test-method> <!-- ProductErrorValidation -->
        <test-method is-config="true" signature="tearDown()[pri:0, instance:shubhamAdvanceSelenium.test.ErrorValidation@3276732]" started-at="2023-12-13T17:35:35 IST" name="tearDown" finished-at="2023-12-13T17:35:35 IST" duration-ms="183" status="PASS">
          <reporter-output>
          </reporter-output>
        </test-method> <!-- tearDown -->
      </class> <!-- shubhamAdvanceSelenium.test.ErrorValidation -->
    </test> <!-- Error Validation Test -->
  </suite> <!-- Suite -->
</testng-results>
