<?xml version="1.0" encoding="UTF-8"?>
<!-- Generated by org.testng.reporters.JUnitReportReporter -->
<testsuite hostname="intitccul-5279" failures="0" tests="1" name="cucumber.TestNGTestRunner" time="0.099" errors="1" timestamp="2023-06-11T19:23:08 IST" skipped="0">
  <testcase classname="cucumber.TestNGTestRunner" name="runScenario" time="0.099">
    <error message="Cannot invoke &quot;org.openqa.selenium.WebDriver.manage()&quot; because &quot;this.driver&quot; is null" type="java.lang.NullPointerException">
      <![CDATA[java.lang.NullPointerException: Cannot invoke "org.openqa.selenium.WebDriver.manage()" because "this.driver" is null
at shubhamAdvanceSelenium.TestComponents.BaseTest.initializeDriver(BaseTest.java:64)
at shubhamAdvanceSelenium.TestComponents.BaseTest.launchApplication(BaseTest.java:100)
at shubhamAdvanceSelenium.stepDefinition.StepDefinitionImpl.I_landed_on_Ecommerce_Page(StepDefinitionImpl.java:27)
at ✽.I landed on Ecommerce Page(file:///C:/Users/ShubhamT.INTERRAIT/eclipse-workspace/SeleniumFrameWorkDesign/src/test/java/cucumber/SubmitOrder.feature:7)
]]>
    </error>
  </testcase> <!-- runScenario -->
  <system-out/>
</testsuite> <!-- cucumber.TestNGTestRunner -->
